# JRE version: OpenJDK Runtime Environment (17.0.10) (build 17.0.10+0--11609105)
# Java VM: OpenJDK 64-Bit Server VM (17.0.10+0--11609105, mixed mode, tiered, compressed oops, compressed class ptrs, g1 gc, windows-amd64)
GC Precious Log:
 CPUs: 12 total, 12 available
 Memory: 28564M
 Large Page Support: Disabled
 NUMA Support: Disabled
 Compressed Oops: Enabled (32-bit)
 Heap Region Size: 1M
 Heap Min Capacity: 8M
 Heap Initial Capacity: 448M
 Heap Max Capacity: 2G
 Pre-touch: Disabled
 Parallel Workers: 10
 Concurrent Workers: 3
 Concurrent Refinement Workers: 10
 Periodic GC: Disabled
Heap:
 garbage-first heap   total 486400K, used 332315K [0x0000000080000000, 0x0000000100000000)
  region size 1024K, 66 young (67584K), 11 survivors (11264K)
 Metaspace       used 213588K, committed 214720K, reserved 1245184K
  class space    used 27303K, committed 27840K, reserved 1048576K
GC Heap History (20 events):
Event: 985.914 GC heap before
{Heap before GC invocations=94 (full 0):
 garbage-first heap   total 418816K, used 331129K [0x0000000080000000, 0x0000000100000000)
  region size 1024K, 85 young (87040K), 2 survivors (2048K)
 Metaspace       used 196276K, committed 197312K, reserved 1245184K
  class space    used 25456K, committed 25984K, reserved 1048576K
}
Event: 985.916 GC heap after
{Heap after GC invocations=95 (full 0):
 garbage-first heap   total 418816K, used 250349K [0x0000000080000000, 0x0000000100000000)
  region size 1024K, 4 young (4096K), 4 survivors (4096K)
 Metaspace       used 196276K, committed 197312K, reserved 1245184K
  class space    used 25456K, committed 25984K, reserved 1048576K
}
Event: 986.363 GC heap before
{Heap before GC invocations=96 (full 0):
 garbage-first heap   total 442368K, used 351725K [0x0000000080000000, 0x0000000100000000)
  region size 1024K, 101 young (103424K), 4 survivors (4096K)
 Metaspace       used 196620K, committed 197696K, reserved 1245184K
  class space    used 25477K, committed 25984K, reserved 1048576K
}
Event: 986.366 GC heap after
{Heap after GC invocations=97 (full 0):
 garbage-first heap   total 442368K, used 255664K [0x0000000080000000, 0x0000000100000000)
  region size 1024K, 7 young (7168K), 7 survivors (7168K)
 Metaspace       used 196620K, committed 197696K, reserved 1245184K
  class space    used 25477K, committed 25984K, reserved 1048576K
}
Event: 986.425 GC heap before
{Heap before GC invocations=97 (full 0):
 garbage-first heap   total 442368K, used 270000K [0x0000000080000000, 0x0000000100000000)
  region size 1024K, 21 young (21504K), 7 survivors (7168K)
 Metaspace       used 196622K, committed 197696K, reserved 1245184K
  class space    used 25477K, committed 25984K, reserved 1048576K
}
Event: 986.430 GC heap after
{Heap after GC invocations=98 (full 0):
 garbage-first heap   total 442368K, used 252297K [0x0000000080000000, 0x0000000100000000)
  region size 1024K, 1 young (1024K), 1 survivors (1024K)
 Metaspace       used 196622K, committed 197696K, reserved 1245184K
  class space    used 25477K, committed 25984K, reserved 1048576K
}
Event: 986.792 GC heap before
{Heap before GC invocations=98 (full 0):
 garbage-first heap   total 442368K, used 364937K [0x0000000080000000, 0x0000000100000000)
  region size 1024K, 111 young (113664K), 1 survivors (1024K)
 Metaspace       used 196638K, committed 197696K, reserved 1245184K
  class space    used 25479K, committed 25984K, reserved 1048576K
}
Event: 986.793 GC heap after
{Heap after GC invocations=99 (full 0):
 garbage-first heap   total 442368K, used 252193K [0x0000000080000000, 0x0000000100000000)
  region size 1024K, 1 young (1024K), 1 survivors (1024K)
 Metaspace       used 196638K, committed 197696K, reserved 1245184K
  class space    used 25479K, committed 25984K, reserved 1048576K
}
Event: 1009.542 GC heap before
{Heap before GC invocations=100 (full 0):
 garbage-first heap   total 470016K, used 368929K [0x0000000080000000, 0x0000000100000000)
  region size 1024K, 115 young (117760K), 1 survivors (1024K)
 Metaspace       used 199734K, committed 200768K, reserved 1245184K
  class space    used 25790K, committed 26304K, reserved 1048576K
}
Event: 1009.547 GC heap after
{Heap after GC invocations=101 (full 0):
 garbage-first heap   total 470016K, used 257120K [0x0000000080000000, 0x0000000100000000)
  region size 1024K, 8 young (8192K), 8 survivors (8192K)
 Metaspace       used 199734K, committed 200768K, reserved 1245184K
  class space    used 25790K, committed 26304K, reserved 1048576K
}
Event: 1020.828 GC heap before
{Heap before GC invocations=101 (full 0):
 garbage-first heap   total 470016K, used 270432K [0x0000000080000000, 0x0000000100000000)
  region size 1024K, 22 young (22528K), 8 survivors (8192K)
 Metaspace       used 199766K, committed 200832K, reserved 1245184K
  class space    used 25791K, committed 26304K, reserved 1048576K
}
Event: 1020.832 GC heap after
{Heap after GC invocations=102 (full 0):
 garbage-first heap   total 470016K, used 256156K [0x0000000080000000, 0x0000000100000000)
  region size 1024K, 2 young (2048K), 2 survivors (2048K)
 Metaspace       used 199766K, committed 200832K, reserved 1245184K
  class space    used 25791K, committed 26304K, reserved 1048576K
}
Event: 1058.820 GC heap before
{Heap before GC invocations=102 (full 0):
 garbage-first heap   total 470016K, used 387228K [0x0000000080000000, 0x0000000100000000)
  region size 1024K, 131 young (134144K), 2 survivors (2048K)
 Metaspace       used 203610K, committed 204672K, reserved 1245184K
  class space    used 26206K, committed 26688K, reserved 1048576K
}
Event: 1058.826 GC heap after
{Heap after GC invocations=103 (full 0):
 garbage-first heap   total 470016K, used 268508K [0x0000000080000000, 0x0000000100000000)
  region size 1024K, 14 young (14336K), 14 survivors (14336K)
 Metaspace       used 203610K, committed 204672K, reserved 1245184K
  class space    used 26206K, committed 26688K, reserved 1048576K
}
Event: 1106.864 GC heap before
{Heap before GC invocations=104 (full 0):
 garbage-first heap   total 470016K, used 389340K [0x0000000080000000, 0x0000000100000000)
  region size 1024K, 132 young (135168K), 14 survivors (14336K)
 Metaspace       used 204929K, committed 205952K, reserved 1245184K
  class space    used 26303K, committed 26816K, reserved 1048576K
}
Event: 1106.869 GC heap after
{Heap after GC invocations=105 (full 0):
 garbage-first heap   total 470016K, used 274938K [0x0000000080000000, 0x0000000100000000)
  region size 1024K, 8 young (8192K), 8 survivors (8192K)
 Metaspace       used 204929K, committed 205952K, reserved 1245184K
  class space    used 26303K, committed 26816K, reserved 1048576K
}
Event: 1107.183 GC heap before
{Heap before GC invocations=105 (full 0):
 garbage-first heap   total 470016K, used 288250K [0x0000000080000000, 0x0000000100000000)
  region size 1024K, 22 young (22528K), 8 survivors (8192K)
 Metaspace       used 205915K, committed 207040K, reserved 1245184K
  class space    used 26440K, committed 27008K, reserved 1048576K
}
Event: 1107.189 GC heap after
{Heap after GC invocations=106 (full 0):
 garbage-first heap   total 470016K, used 270399K [0x0000000080000000, 0x0000000100000000)
  region size 1024K, 2 young (2048K), 2 survivors (2048K)
 Metaspace       used 205915K, committed 207040K, reserved 1245184K
  class space    used 26440K, committed 27008K, reserved 1048576K
}
Event: 1231.246 GC heap before
{Heap before GC invocations=106 (full 0):
 garbage-first heap   total 470016K, used 390207K [0x0000000080000000, 0x0000000100000000)
  region size 1024K, 120 young (122880K), 2 survivors (2048K)
 Metaspace       used 212019K, committed 213248K, reserved 1245184K
  class space    used 27077K, committed 27648K, reserved 1048576K
}
Event: 1231.252 GC heap after
{Heap after GC invocations=107 (full 0):
 garbage-first heap   total 470016K, used 279067K [0x0000000080000000, 0x0000000100000000)
  region size 1024K, 11 young (11264K), 11 survivors (11264K)
 Metaspace       used 212019K, committed 213248K, reserved 1245184K
  class space    used 27077K, committed 27648K, reserved 1048576K
}

